{"level":"warn","message":"Producto no encontrado para el id: 1000"}
{"level":"warn","message":"Producto no encontrado para el id: undefined"}
{"level":"warn","message":"Producto no encontrado para el id: undefined"}
warning: Producto no encontrado para el id: undefined
warning: Producto no encontrado para el id: undefined
warning: Producto no encontrado para el id: 10000
info: Mensaje de información
info: Mensaje de información
warning: Mensaje de advertencia
info: Producto encontrado 
info: Mensaje de información
warning: Mensaje de advertencia
info: Mensaje de información
warning: Mensaje de advertencia
info: Mensaje de información
warning: Mensaje de advertencia
info: Mensaje de información
warning: Mensaje de advertencia
info: Mensaje de información
warning: Mensaje de advertencia
info: Mensaje de información
warning: Mensaje de advertencia
error: Mensaje de error
fatal: Mensaje fatal
info: Mensaje de información
warning: Mensaje de advertencia
error: Mensaje de error
fatal: Mensaje fatal
info: Mensaje de información
warning: Mensaje de advertencia
error: Mensaje de error
fatal: Mensaje fatal
info: Servidor conectado
info: Servidor conectado
info: Servidor conectado
info: Producto encontrado 
info: Nuevo cliente conectado
info: Nuevo cliente conectado
info: Servidor conectado
info: Nuevo cliente conectado
info: Nuevo cliente conectado
info: Nuevo cliente conectado
info: Servidor conectado
info: Nuevo cliente conectado
info: Nuevo cliente conectado
info: Nuevo cliente conectado
info: Servidor conectado
info: Nuevo cliente conectado
info: Nuevo cliente conectado
info: Nuevo cliente conectado
warning: Servidor conectado
info: Nuevo cliente conectado
info: Nuevo cliente conectado
info: Nuevo cliente conectado
info: Servidor conectado
info: Nuevo cliente conectado
info: Nuevo cliente conectado
info: Mensaje de información
warning: Mensaje de advertencia
error: Mensaje de error
fatal: Mensaje fatal
info: Nuevo cliente conectado
info: options {"mode":"development","persistence":"mongo"}
info: Servidor conectado
info: Nuevo cliente conectado
info: Nuevo cliente conectado
info: Nuevo cliente conectado
info: options {"mode":"development","persistence":"mongo"}
warning: argumentos
info: Servidor conectado
info: Nuevo cliente conectado
info: Nuevo cliente conectado
info: Nuevo cliente conectado
info: options {"mode":"development","persistence":"mongo"}
warning: argumentos
info: Servidor conectado
info: Nuevo cliente conectado
info: Nuevo cliente conectado
info: Nuevo cliente conectado
info: options {"mode":"development","persistence":"mongo"}
warning: argumentos
info: Servidor conectado
info: options {"mode":"development","persistence":"mongo"}
warning: argumentos
info: Servidor conectado
info: Nuevo cliente conectado
info: Nuevo cliente conectado
info: Nuevo cliente conectado
error: Ya existe usuario
info: options {"mode":"development","persistence":"mongo"}
warning: argumentos
info: Servidor conectado
info: Nuevo cliente conectado
info: Nuevo cliente conectado
error: Ya existe usuario
info: options {"mode":"development","persistence":"mongo"}
warning: argumentos
info: Servidor conectado
info: Nuevo cliente conectado
info: Nuevo cliente conectado
info: options {"mode":"development","persistence":"mongo"}
warning: argumentos
info: Servidor conectado
info: Nuevo cliente conectado
info: Nuevo cliente conectado
info: options {"mode":"development","persistence":"mongo"}
warning: argumentos
info: Servidor conectado
info: Nuevo cliente conectado
info: options {"mode":"development","persistence":"mongo"}
warning: argumentos
info: Servidor conectado
info: Nuevo cliente conectado
info: options {"mode":"development","persistence":"mongo"}
warning: argumentos
info: Servidor conectado
info: Nuevo cliente conectado
info: options {"mode":"development","persistence":"mongo"}
warning: argumentos
info: Servidor conectado
info: Nuevo cliente conectado
info: options {"mode":"development","persistence":"mongo"}
warning: argumentos
info: Servidor conectado
info: Nuevo cliente conectado
info: options {"mode":"development","persistence":"mongo"}
warning: argumentos
info: Servidor conectado
info: Nuevo cliente conectado
info: options {"mode":"development","persistence":"mongo"}
warning: argumentos
info: Servidor conectado
info: Nuevo cliente conectado
info: options {"mode":"development","persistence":"mongo"}
warning: argumentos
info: Servidor conectado
info: Nuevo cliente conectado
info: options {"mode":"development","persistence":"mongo"}
warning: argumentos
info: Servidor conectado
info: Nuevo cliente conectado
info: options {"mode":"development","persistence":"mongo"}
warning: argumentos
info: Servidor conectado
info: Nuevo cliente conectado
info: Producto encontrado 
warning: Producto no encontrado para el id: 1321351
info: options {"mode":"development","persistence":"mongo"}
warning: argumentos
info: Servidor conectado
info: Nuevo cliente conectado
info: Producto encontrado 
info: options {"mode":"development","persistence":"mongo"}
warning: argumentos
info: Servidor conectado
info: Nuevo cliente conectado
info: options {"mode":"development","persistence":"mongo"}
warning: argumentos
info: Servidor conectado
info: Nuevo cliente conectado
info: options {"mode":"development","persistence":"mongo"}
warning: argumentos
info: Servidor conectado
info: Nuevo cliente conectado
info: options {"mode":"development","persistence":"mongo"}
warning: argumentos
info: Servidor conectado
info: Nuevo cliente conectado
info: options {"mode":"development","persistence":"mongo"}
warning: argumentos
info: Servidor conectado
info: Nuevo cliente conectado
info: options {"mode":"development","persistence":"mongo"}
warning: argumentos
info: Servidor conectado
info: Nuevo cliente conectado
info: options {"mode":"development","persistence":"mongo"}
warning: argumentos
info: Servidor conectado
info: options {"mode":"development","persistence":"mongo"}
warning: argumentos
info: Servidor conectado
info: Productos encontrados 
info: options {"mode":"development","persistence":"mongo"}
warning: argumentos
info: Servidor conectado
info: options {"mode":"development","persistence":"mongo"}
warning: argumentos
info: Servidor conectado
info: options {"mode":"development","persistence":"mongo"}
warning: argumentos
info: Servidor conectado
info: options {"mode":"development","persistence":"mongo"}
warning: argumentos
info: Servidor conectado
info: Productos encontrados 
info: Este es su producto: {"$__":{"activePaths":{"paths":{"__v":"init","_id":"init","category":"init","code":"init","description":"init","id":"init","price":"init","status":"init","stock":"init","thumbnail":"init","title":"init"},"states":{"default":{},"init":{"__v":true,"_id":true,"category":true,"code":true,"description":true,"id":true,"price":true,"status":true,"stock":true,"thumbnail":true,"title":true},"require":{}}},"skipId":true},"$isNew":false,"_doc":{"__v":0,"_id":"64db6996d3bdbd76088e14b7","category":"fruta","code":"177","description":"roja","id":11,"price":5269,"status":true,"stock":100,"thumbnail":["https://static9.depositphotos.com/1642482/1148/i/450/depositphotos_11489364-stock-photo-ripe-orange.jpg"],"title":"manzana"}}
error: Error: Producto con id 110000 no encontrado.
warning: Producto no encontrado para el id: 110000
info: options {"mode":"development","persistence":"mongo"}
warning: argumentos
info: Servidor conectado
info: options {"mode":"development","persistence":"mongo"}
warning: argumentos
info: Servidor conectado
info: options {"mode":"development","persistence":"mongo"}
warning: argumentos
info: Servidor conectado
info: options {"mode":"development","persistence":"mongo"}
warning: argumentos
info: Servidor conectado
info: options {"mode":"development","persistence":"mongo"}
warning: argumentos
info: Servidor conectado
info: Productos encontrados 
info: options {"mode":"development","persistence":"mongo"}
warning: argumentos
info: Servidor conectado
info: options {"mode":"development","persistence":"mongo"}
warning: argumentos
info: Servidor conectado
info: options {"mode":"development","persistence":"mongo"}
warning: argumentos
info: Servidor conectado
info: options {"mode":"development","persistence":"mongo"}
warning: argumentos
info: Servidor conectado
info: options {"mode":"development","persistence":"mongo"}
warning: argumentos
info: Servidor conectado
info: options {"mode":"development","persistence":"mongo"}
warning: argumentos
info: Servidor conectado
info: options {"mode":"development","persistence":"mongo"}
warning: argumentos
info: Servidor conectado
info: options {"mode":"development","persistence":"mongo"}
warning: argumentos
info: connected
info: already connected
info: Servidor conectado
info: options {"mode":"development","persistence":"mongo"}
warning: argumentos
info: connected
info: already connected
info: Servidor conectado
info: options {"mode":"development","persistence":"mongo"}
warning: argumentos
info: connected
info: already connected
info: Servidor conectado
